<?xml version="1.0" encoding="UTF-8"?>
<testsuite name="jp.ac.uryukyu.ie.e165743.mainTest" tests="1" skipped="0" failures="0" errors="0" timestamp="2017-02-05T11:41:12" hostname="TYPEPluto.local" time="0.001">
  <properties/>
  <testcase name="actionPerformed" classname="jp.ac.uryukyu.ie.e165743.mainTest" time="0.001"/>
  <system-out><![CDATA[]]></system-out>
  <system-err><![CDATA[]]></system-err>
</testsuite>
